<?xml version="1.0" encoding="UTF-8"?>
<!-- Generated by org.testng.reporters.JUnitXMLReporter -->
<testsuite hostname="DESKTOP-104VMAQ" ignored="0" name="Surefire test" tests="4" failures="0" timestamp="07 Feb 2021 08:16:51 GMT" time="0.124" errors="0">
  <testcase name="contextLoads" time="0.001" classname="com.performance.code.flowcode.FlowcodeApplicationTests"/>
  <testcase name="testInvocationCount" time="0.1" classname="com.performance.code.flowcode.FlowcodeApplicationTests"/>
  <testcase name="contextLoads" time="0.0" classname="com.performance.code.flowcode.TestsUsersMethods.DeclarativeUserTests"/>
  <testcase name="contextLoads" time="0.0" classname="com.performance.code.flowcode.TestsUsersMethods.ImperativeUserTests"/>
</testsuite> <!-- Surefire test -->
