<?xml version="1.0" encoding="UTF-8"?>
<testng-results skipped="0" failed="0" ignored="0" total="4" passed="4">
  <reporter-output>
  </reporter-output>
  <suite name="Surefire suite" duration-ms="124" started-at="2021-02-07T08:16:51Z" finished-at="2021-02-07T08:16:51Z">
    <groups>
    </groups>
    <test name="Surefire test" duration-ms="124" started-at="2021-02-07T08:16:51Z" finished-at="2021-02-07T08:16:51Z">
      <class name="com.performance.code.flowcode.FlowcodeApplicationTests">
        <test-method status="PASS" signature="setUp()[pri:0, instance:com.performance.code.flowcode.FlowcodeApplicationTests@2d8f65a4]" name="setUp" is-config="true" duration-ms="8" started-at="2021-02-07T08:16:51Z" finished-at="2021-02-07T08:16:51Z">
          <reporter-output>
          </reporter-output>
        </test-method> <!-- setUp -->
        <test-method status="PASS" signature="contextLoads()[pri:0, instance:com.performance.code.flowcode.FlowcodeApplicationTests@2d8f65a4]" name="contextLoads" duration-ms="1" started-at="2021-02-07T08:16:51Z" finished-at="2021-02-07T08:16:51Z">
          <reporter-output>
          </reporter-output>
        </test-method> <!-- contextLoads -->
        <test-method status="PASS" signature="testInvocationCount()[pri:0, instance:com.performance.code.flowcode.FlowcodeApplicationTests@2d8f65a4]" name="testInvocationCount" duration-ms="100" started-at="2021-02-07T08:16:51Z" finished-at="2021-02-07T08:16:51Z">
          <reporter-output>
          </reporter-output>
        </test-method> <!-- testInvocationCount -->
      </class> <!-- com.performance.code.flowcode.FlowcodeApplicationTests -->
      <class name="com.performance.code.flowcode.TestsUsersMethods.ImperativeUserTests">
        <test-method status="PASS" signature="setUp()[pri:0, instance:com.performance.code.flowcode.TestsUsersMethods.ImperativeUserTests@646d64ab]" name="setUp" is-config="true" duration-ms="0" started-at="2021-02-07T08:16:51Z" finished-at="2021-02-07T08:16:51Z">
          <reporter-output>
          </reporter-output>
        </test-method> <!-- setUp -->
        <test-method status="PASS" signature="contextLoads()[pri:0, instance:com.performance.code.flowcode.TestsUsersMethods.ImperativeUserTests@646d64ab]" name="contextLoads" duration-ms="0" started-at="2021-02-07T08:16:51Z" finished-at="2021-02-07T08:16:51Z">
          <reporter-output>
          </reporter-output>
        </test-method> <!-- contextLoads -->
      </class> <!-- com.performance.code.flowcode.TestsUsersMethods.ImperativeUserTests -->
      <class name="com.performance.code.flowcode.TestsUsersMethods.DeclarativeUserTests">
        <test-method status="PASS" signature="setUp()[pri:0, instance:com.performance.code.flowcode.TestsUsersMethods.DeclarativeUserTests@1b68ddbd]" name="setUp" is-config="true" duration-ms="1" started-at="2021-02-07T08:16:51Z" finished-at="2021-02-07T08:16:51Z">
          <reporter-output>
          </reporter-output>
        </test-method> <!-- setUp -->
        <test-method status="PASS" signature="contextLoads()[pri:0, instance:com.performance.code.flowcode.TestsUsersMethods.DeclarativeUserTests@1b68ddbd]" name="contextLoads" duration-ms="0" started-at="2021-02-07T08:16:51Z" finished-at="2021-02-07T08:16:51Z">
          <reporter-output>
          </reporter-output>
        </test-method> <!-- contextLoads -->
      </class> <!-- com.performance.code.flowcode.TestsUsersMethods.DeclarativeUserTests -->
    </test> <!-- Surefire test -->
  </suite> <!-- Surefire suite -->
</testng-results>
